  [1m[36m (114.5ms)[0m  [1mCREATE TABLE "schema_migrations" ("version" varchar(255) NOT NULL) [0m
  [1m[35m (100.7ms)[0m  CREATE UNIQUE INDEX "unique_schema_migrations" ON "schema_migrations" ("version")
  [1m[36mActiveRecord::SchemaMigration Load (0.2ms)[0m  [1mSELECT "schema_migrations".* FROM "schema_migrations"[0m
Migrating to CreateCampaigns (20131122234413)
  [1m[35m (0.1ms)[0m  begin transaction
  [1m[36m (0.5ms)[0m  [1mCREATE TABLE "campaigns" ("id" INTEGER PRIMARY KEY AUTOINCREMENT NOT NULL, "user_id" integer, "title" varchar(255), "description" text, "target" decimal(10,2), "budget" decimal(10,2), "expiration" datetime, "image_url" varchar(255), "created_at" datetime, "updated_at" datetime) [0m
  [1m[35mSQL (0.3ms)[0m  INSERT INTO "schema_migrations" ("version") VALUES (?)  [["version", "20131122234413"]]
  [1m[36m (168.9ms)[0m  [1mcommit transaction[0m
  [1m[35mActiveRecord::SchemaMigration Load (0.1ms)[0m  SELECT "schema_migrations".* FROM "schema_migrations"
  [1m[36mActiveRecord::SchemaMigration Load (0.2ms)[0m  [1mSELECT "schema_migrations".* FROM "schema_migrations"[0m
Migrating to CreateGoods (20131122234710)
  [1m[35m (0.1ms)[0m  begin transaction
  [1m[36m (0.5ms)[0m  [1mCREATE TABLE "goods" ("id" INTEGER PRIMARY KEY AUTOINCREMENT NOT NULL, "campaign_id" integer, "name" varchar(255), "description" varchar(255), "cost" decimal(10,2), "created_at" datetime, "updated_at" datetime) [0m
  [1m[35mSQL (0.3ms)[0m  INSERT INTO "schema_migrations" ("version") VALUES (?)  [["version", "20131122234710"]]
  [1m[36m (134.7ms)[0m  [1mcommit transaction[0m
  [1m[35mActiveRecord::SchemaMigration Load (0.1ms)[0m  SELECT "schema_migrations".* FROM "schema_migrations"
  [1m[36mActiveRecord::SchemaMigration Load (0.2ms)[0m  [1mSELECT "schema_migrations".* FROM "schema_migrations"[0m
Migrating to CreateOffers (20131122234908)
  [1m[35m (0.1ms)[0m  begin transaction
  [1m[36m (0.5ms)[0m  [1mCREATE TABLE "offers" ("id" INTEGER PRIMARY KEY AUTOINCREMENT NOT NULL, "campaign_id" integer, "user_id" integer, "good_id" integer, "donation" decimal(10,2), "comment" text, "created_at" datetime, "updated_at" datetime) [0m
  [1m[35mSQL (0.3ms)[0m  INSERT INTO "schema_migrations" ("version") VALUES (?)  [["version", "20131122234908"]]
  [1m[36m (126.2ms)[0m  [1mcommit transaction[0m
  [1m[35mActiveRecord::SchemaMigration Load (0.1ms)[0m  SELECT "schema_migrations".* FROM "schema_migrations"
  [1m[36mActiveRecord::SchemaMigration Load (0.2ms)[0m  [1mSELECT "schema_migrations".* FROM "schema_migrations"[0m
Migrating to DeviseCreateUsers (20131122235008)
  [1m[35m (0.1ms)[0m  begin transaction
  [1m[36m (0.7ms)[0m  [1mCREATE TABLE "users" ("id" INTEGER PRIMARY KEY AUTOINCREMENT NOT NULL, "email" varchar(255) DEFAULT '' NOT NULL, "encrypted_password" varchar(255) DEFAULT '' NOT NULL, "admin" boolean DEFAULT 'false' NOT NULL, "reset_password_token" varchar(255), "reset_password_sent_at" datetime, "remember_created_at" datetime, "sign_in_count" integer DEFAULT 0 NOT NULL, "current_sign_in_at" datetime, "last_sign_in_at" datetime, "current_sign_in_ip" varchar(255), "last_sign_in_ip" varchar(255), "created_at" datetime, "updated_at" datetime) [0m
  [1m[35m (0.3ms)[0m  CREATE UNIQUE INDEX "index_users_on_email" ON "users" ("email")
  [1m[36m (0.2ms)[0m  [1mCREATE UNIQUE INDEX "index_users_on_reset_password_token" ON "users" ("reset_password_token")[0m
  [1m[35mSQL (0.3ms)[0m  INSERT INTO "schema_migrations" ("version") VALUES (?)  [["version", "20131122235008"]]
  [1m[36m (136.5ms)[0m  [1mcommit transaction[0m
  [1m[35mActiveRecord::SchemaMigration Load (0.2ms)[0m  SELECT "schema_migrations".* FROM "schema_migrations"


Started GET "/" for 127.0.0.1 at 2013-11-23 00:55:54 +0100
  [1m[36mActiveRecord::SchemaMigration Load (0.2ms)[0m  [1mSELECT "schema_migrations".* FROM "schema_migrations"[0m
Processing by Rails::WelcomeController#index as HTML
  Rendered /home/salvo/.rvm/gems/ruby-2.0.0-p247/gems/railties-4.0.1/lib/rails/templates/rails/welcome/index.html.erb (4.7ms)
Completed 200 OK in 42ms (Views: 13.3ms | ActiveRecord: 0.0ms)


Started GET "/campaigns" for 127.0.0.1 at 2013-11-23 00:56:02 +0100
Processing by CampaignsController#index as HTML
  [1m[35mCampaign Load (0.3ms)[0m  SELECT "campaigns".* FROM "campaigns"
  Rendered campaigns/index.html.erb within layouts/application (3.7ms)
Completed 200 OK in 478ms (Views: 475.0ms | ActiveRecord: 0.3ms)


Started GET "/assets/application.css?body=1" for 127.0.0.1 at 2013-11-23 00:56:03 +0100


Started GET "/assets/campaigns.css?body=1" for 127.0.0.1 at 2013-11-23 00:56:03 +0100


Started GET "/assets/scaffolds.css?body=1" for 127.0.0.1 at 2013-11-23 00:56:03 +0100


Started GET "/assets/jquery.js?body=1" for 127.0.0.1 at 2013-11-23 00:56:03 +0100


Started GET "/assets/jquery_ujs.js?body=1" for 127.0.0.1 at 2013-11-23 00:56:04 +0100


Started GET "/assets/turbolinks.js?body=1" for 127.0.0.1 at 2013-11-23 00:56:04 +0100


Started GET "/assets/application.js?body=1" for 127.0.0.1 at 2013-11-23 00:56:04 +0100


Started GET "/assets/campaigns.js?body=1" for 127.0.0.1 at 2013-11-23 00:56:04 +0100


Started GET "/campaigns/new" for 127.0.0.1 at 2013-11-23 00:56:08 +0100
Processing by CampaignsController#new as HTML
  Rendered campaigns/_form.html.erb (98.2ms)
  Rendered campaigns/new.html.erb within layouts/application (102.0ms)
Completed 200 OK in 109ms (Views: 107.1ms | ActiveRecord: 0.5ms)


Started GET "/users" for 127.0.0.1 at 2013-11-23 00:56:19 +0100

ActionController::RoutingError (No route matches [GET] "/users"):
  actionpack (4.0.1) lib/action_dispatch/middleware/debug_exceptions.rb:21:in `call'
  actionpack (4.0.1) lib/action_dispatch/middleware/show_exceptions.rb:30:in `call'
  railties (4.0.1) lib/rails/rack/logger.rb:38:in `call_app'
  railties (4.0.1) lib/rails/rack/logger.rb:20:in `block in call'
  activesupport (4.0.1) lib/active_support/tagged_logging.rb:67:in `block in tagged'
  activesupport (4.0.1) lib/active_support/tagged_logging.rb:25:in `tagged'
  activesupport (4.0.1) lib/active_support/tagged_logging.rb:67:in `tagged'
  railties (4.0.1) lib/rails/rack/logger.rb:20:in `call'
  actionpack (4.0.1) lib/action_dispatch/middleware/request_id.rb:21:in `call'
  rack (1.5.2) lib/rack/methodoverride.rb:21:in `call'
  rack (1.5.2) lib/rack/runtime.rb:17:in `call'
  activesupport (4.0.1) lib/active_support/cache/strategy/local_cache.rb:83:in `call'
  rack (1.5.2) lib/rack/lock.rb:17:in `call'
  actionpack (4.0.1) lib/action_dispatch/middleware/static.rb:64:in `call'
  rack (1.5.2) lib/rack/sendfile.rb:112:in `call'
  railties (4.0.1) lib/rails/engine.rb:511:in `call'
  railties (4.0.1) lib/rails/application.rb:97:in `call'
  rack (1.5.2) lib/rack/lock.rb:17:in `call'
  rack (1.5.2) lib/rack/content_length.rb:14:in `call'
  rack (1.5.2) lib/rack/handler/webrick.rb:60:in `service'
  /home/salvo/.rvm/rubies/ruby-2.0.0-p247/lib/ruby/2.0.0/webrick/httpserver.rb:138:in `service'
  /home/salvo/.rvm/rubies/ruby-2.0.0-p247/lib/ruby/2.0.0/webrick/httpserver.rb:94:in `run'
  /home/salvo/.rvm/rubies/ruby-2.0.0-p247/lib/ruby/2.0.0/webrick/server.rb:295:in `block in start_thread'


  Rendered /home/salvo/.rvm/gems/ruby-2.0.0-p247/gems/actionpack-4.0.1/lib/action_dispatch/middleware/templates/rescues/_trace.erb (1.3ms)
  Rendered /home/salvo/.rvm/gems/ruby-2.0.0-p247/gems/actionpack-4.0.1/lib/action_dispatch/middleware/templates/routes/_route.html.erb (3.4ms)
  Rendered /home/salvo/.rvm/gems/ruby-2.0.0-p247/gems/actionpack-4.0.1/lib/action_dispatch/middleware/templates/routes/_table.html.erb (2.5ms)
  Rendered /home/salvo/.rvm/gems/ruby-2.0.0-p247/gems/actionpack-4.0.1/lib/action_dispatch/middleware/templates/rescues/routing_error.erb within rescues/layout (34.7ms)


Started GET "/users/sign_in" for 127.0.0.1 at 2013-11-23 00:56:29 +0100
Processing by Devise::SessionsController#new as HTML
  Rendered /home/salvo/.rvm/gems/ruby-2.0.0-p247/gems/devise-3.2.1/app/views/devise/shared/_links.erb (2.1ms)
  Rendered /home/salvo/.rvm/gems/ruby-2.0.0-p247/gems/devise-3.2.1/app/views/devise/sessions/new.html.erb within layouts/application (11.2ms)
Completed 200 OK in 52ms (Views: 18.1ms | ActiveRecord: 0.7ms)


Started GET "/assets/application.css?body=1" for 127.0.0.1 at 2013-11-23 00:56:29 +0100


Started GET "/assets/campaigns.css?body=1" for 127.0.0.1 at 2013-11-23 00:56:29 +0100


Started GET "/assets/scaffolds.css?body=1" for 127.0.0.1 at 2013-11-23 00:56:29 +0100


Started GET "/assets/jquery.js?body=1" for 127.0.0.1 at 2013-11-23 00:56:29 +0100


Started GET "/assets/jquery_ujs.js?body=1" for 127.0.0.1 at 2013-11-23 00:56:29 +0100


Started GET "/assets/turbolinks.js?body=1" for 127.0.0.1 at 2013-11-23 00:56:29 +0100


Started GET "/assets/campaigns.js?body=1" for 127.0.0.1 at 2013-11-23 00:56:29 +0100


Started GET "/assets/application.js?body=1" for 127.0.0.1 at 2013-11-23 00:56:29 +0100


Started GET "/users/sign_up" for 127.0.0.1 at 2013-11-23 00:56:31 +0100
Processing by Devise::RegistrationsController#new as HTML
  Rendered /home/salvo/.rvm/gems/ruby-2.0.0-p247/gems/devise-3.2.1/app/views/devise/shared/_links.erb (0.8ms)
  Rendered /home/salvo/.rvm/gems/ruby-2.0.0-p247/gems/devise-3.2.1/app/views/devise/registrations/new.html.erb within layouts/application (5.5ms)
Completed 200 OK in 14ms (Views: 12.3ms | ActiveRecord: 0.0ms)


Started GET "/users/sign_in" for 127.0.0.1 at 2013-11-23 00:56:33 +0100
Processing by Devise::SessionsController#new as HTML
  Rendered /home/salvo/.rvm/gems/ruby-2.0.0-p247/gems/devise-3.2.1/app/views/devise/shared/_links.erb (0.5ms)
  Rendered /home/salvo/.rvm/gems/ruby-2.0.0-p247/gems/devise-3.2.1/app/views/devise/sessions/new.html.erb within layouts/application (4.2ms)
Completed 200 OK in 12ms (Views: 9.9ms | ActiveRecord: 0.0ms)


Started GET "/users/password/new" for 127.0.0.1 at 2013-11-23 00:56:35 +0100
Processing by Devise::PasswordsController#new as HTML
  Rendered /home/salvo/.rvm/gems/ruby-2.0.0-p247/gems/devise-3.2.1/app/views/devise/shared/_links.erb (1.6ms)
  Rendered /home/salvo/.rvm/gems/ruby-2.0.0-p247/gems/devise-3.2.1/app/views/devise/passwords/new.html.erb within layouts/application (5.7ms)
Completed 200 OK in 15ms (Views: 12.7ms | ActiveRecord: 0.0ms)
  [1m[36mActiveRecord::SchemaMigration Load (0.2ms)[0m  [1mSELECT "schema_migrations".* FROM "schema_migrations"[0m
Migrating to CreateInformation (20131123000001)
  [1m[35m (0.1ms)[0m  begin transaction
  [1m[36m (1.8ms)[0m  [1mCREATE TABLE "information" ("id" INTEGER PRIMARY KEY AUTOINCREMENT NOT NULL, "user_id" integer, "name" varchar(255), "surname" varchar(255), "date_to_birth" date, "province" varchar(255), "city" varchar(255), "street" varchar(255), "poste_code" varchar(255), "phone" varchar(255), "credit" decimal(10,2), "image_url" varchar(255), "created_at" datetime, "updated_at" datetime) [0m
  [1m[35mSQL (0.3ms)[0m  INSERT INTO "schema_migrations" ("version") VALUES (?)  [["version", "20131123000001"]]
  [1m[36m (123.8ms)[0m  [1mcommit transaction[0m
  [1m[35mActiveRecord::SchemaMigration Load (0.2ms)[0m  SELECT "schema_migrations".* FROM "schema_migrations"
  [1m[36mActiveRecord::SchemaMigration Load (0.2ms)[0m  [1mSELECT "schema_migrations".* FROM "schema_migrations"[0m
  [1m[35mActiveRecord::SchemaMigration Load (0.1ms)[0m  SELECT "schema_migrations".* FROM "schema_migrations"
Migrating to CreateInformation (20131123000001)
  [1m[36m (0.1ms)[0m  [1mbegin transaction[0m
  [1m[35m (1.1ms)[0m  DROP TABLE "information"
  [1m[36mSQL (0.3ms)[0m  [1mDELETE FROM "schema_migrations" WHERE "schema_migrations"."version" = '20131123000001'[0m
  [1m[35m (140.8ms)[0m  commit transaction
  [1m[36mActiveRecord::SchemaMigration Load (0.1ms)[0m  [1mSELECT "schema_migrations".* FROM "schema_migrations"[0m
  [1m[36mActiveRecord::SchemaMigration Load (0.2ms)[0m  [1mSELECT "schema_migrations".* FROM "schema_migrations"[0m
Migrating to CreateInformation (20131123000001)
  [1m[35m (0.1ms)[0m  begin transaction
  [1m[36m (0.6ms)[0m  [1mCREATE TABLE "information" ("id" INTEGER PRIMARY KEY AUTOINCREMENT NOT NULL, "user_id" integer, "name" varchar(255), "surname" varchar(255), "date_to_birth" date, "province" varchar(255), "city" varchar(255), "street" varchar(255), "poste_code" varchar(255), "phone" varchar(255), "credit" decimal(10,2) DEFAULT 0 NOT NULL, "image_url" varchar(255), "created_at" datetime, "updated_at" datetime) [0m
  [1m[35mSQL (0.3ms)[0m  INSERT INTO "schema_migrations" ("version") VALUES (?)  [["version", "20131123000001"]]
  [1m[36m (142.5ms)[0m  [1mcommit transaction[0m
  [1m[35mActiveRecord::SchemaMigration Load (0.2ms)[0m  SELECT "schema_migrations".* FROM "schema_migrations"
  [1m[36mActiveRecord::SchemaMigration Load (0.2ms)[0m  [1mSELECT "schema_migrations".* FROM "schema_migrations"[0m
  [1m[35mActiveRecord::SchemaMigration Load (0.1ms)[0m  SELECT "schema_migrations".* FROM "schema_migrations"


Started GET "/" for 127.0.0.1 at 2013-11-23 01:24:43 +0100
  [1m[36mActiveRecord::SchemaMigration Load (0.3ms)[0m  [1mSELECT "schema_migrations".* FROM "schema_migrations"[0m
Processing by Rails::WelcomeController#index as HTML
  Rendered /home/salvo/.rvm/gems/ruby-2.0.0-p247/gems/railties-4.0.1/lib/rails/templates/rails/welcome/index.html.erb (1.8ms)
Completed 200 OK in 32ms (Views: 8.4ms | ActiveRecord: 0.0ms)


Started GET "/campaigns" for 127.0.0.1 at 2013-11-23 01:24:56 +0100
Processing by CampaignsController#index as HTML
  [1m[35mCampaign Load (0.2ms)[0m  SELECT "campaigns".* FROM "campaigns"
  Rendered campaigns/index.html.erb within layouts/application (2.3ms)
Completed 200 OK in 85ms (Views: 81.7ms | ActiveRecord: 0.2ms)


Started GET "/assets/application.css?body=1" for 127.0.0.1 at 2013-11-23 01:24:56 +0100


Started GET "/assets/campaigns.css?body=1" for 127.0.0.1 at 2013-11-23 01:24:56 +0100


Started GET "/assets/jquery_ujs.js?body=1" for 127.0.0.1 at 2013-11-23 01:24:56 +0100


Started GET "/assets/jquery.js?body=1" for 127.0.0.1 at 2013-11-23 01:24:56 +0100


Started GET "/assets/turbolinks.js?body=1" for 127.0.0.1 at 2013-11-23 01:24:56 +0100


Started GET "/assets/scaffolds.css?body=1" for 127.0.0.1 at 2013-11-23 01:24:56 +0100


Started GET "/assets/application.js?body=1" for 127.0.0.1 at 2013-11-23 01:24:56 +0100


Started GET "/assets/campaigns.js?body=1" for 127.0.0.1 at 2013-11-23 01:24:56 +0100
